<?xml version="1.0" encoding="utf-8"?><testsuites name="pytest tests"><testsuite name="pytest" errors="0" failures="0" skipped="0" tests="13" time="10.014" timestamp="2026-07-20T08:05:36.160951+00:00" hostname="agent-env-5e29b1a8-7828-4812-8b1b-e5519317456e"><testcase classname="backend.tests.test_keto_download.TestApiDownload" name="test_download_status_200" time="1.997" /><testcase classname="backend.tests.test_keto_download.TestApiDownload" name="test_download_content_disposition" time="0.269" /><testcase classname="backend.tests.test_keto_download.TestApiDownload" name="test_download_content_type_html" time="0.268" /><testcase classname="backend.tests.test_keto_download.TestApiDownload" name="test_download_body_valid_html" time="0.269" /><testcase classname="backend.tests.test_keto_download.TestApiDownload" name="test_download_size_reasonable" time="0.703" /><testcase classname="backend.tests.test_keto_download.TestApiDownload" name="test_download_head_or_get_range" time="0.040" /><testcase classname="backend.tests.test_keto_download.TestApiApp" name="test_app_page_status" time="0.261" /><testcase classname="backend.tests.test_keto_download.TestApiApp" name="test_app_page_html" time="0.325" /><testcase classname="backend.tests.test_keto_download.TestGCSFallback" name="test_gcs_status_200" time="1.604" /><testcase classname="backend.tests.test_keto_download.TestGCSFallback" name="test_gcs_body_valid_html" time="1.028" /><testcase classname="backend.tests.test_keto_download.TestGCSFallback" name="test_gcs_size_matches" time="0.977" /><testcase classname="backend.tests.test_keto_download.TestGCSFallback" name="test_gcs_content_disposition" time="0.960" /><testcase classname="backend.tests.test_keto_download.TestParity" name="test_api_and_gcs_same_size" time="1.237" /></testsuite></testsuites>