<?xml version="1.0" encoding="utf-8"?><testsuites name="pytest tests"><testsuite name="pytest" errors="0" failures="0" skipped="0" tests="8" time="21.011" timestamp="2026-07-15T08:34:12.305890+00:00" hostname="agent-env-e5bc9498-2f0e-4e2f-94f9-5a3c050b88f1"><testcase classname="backend.tests.test_keto_hardcoded_details.TestAppHtmlPayload" name="test_app_status_200_and_size" time="0.480" /><testcase classname="backend.tests.test_keto_hardcoded_details.TestAppHtmlPayload" name="test_kp_recipe_details_data_script_present" time="0.001" /><testcase classname="backend.tests.test_keto_hardcoded_details.TestAppHtmlPayload" name="test_window_kp_recipe_details_defined" time="0.001" /><testcase classname="backend.tests.test_keto_hardcoded_details.TestAppHtmlPayload" name="test_recipe_details_entry_count_near_474" time="0.011" /><testcase classname="backend.tests.test_keto_hardcoded_details.TestAppHtmlPayload" name="test_day_modal_open_desktop_class_present" time="0.000" /><testcase classname="backend.tests.test_keto_hardcoded_details.TestAppHtmlPayload" name="test_protein_target_text_present" time="0.001" /><testcase classname="backend.tests.test_keto_hardcoded_details.TestAppHtmlPayload" name="test_no_detailed_steps_call_hint_for_integrated_recipes" time="0.001" /><testcase classname="backend.tests.test_keto_hardcoded_details.TestDetailedStepsFallback" name="test_detailed_steps_custom_recipe" time="20.455" /></testsuite></testsuites>