<?xml version="1.0" encoding="utf-8"?><testsuites name="pytest tests"><testsuite name="pytest" errors="0" failures="0" skipped="0" tests="7" time="2.069" timestamp="2026-07-13T13:09:22.899206+00:00" hostname="agent-env-e5bc9498-2f0e-4e2f-94f9-5a3c050b88f1"><testcase classname="backend.tests.test_keto_backend" name="test_app_html_served" time="0.415" /><testcase classname="backend.tests.test_keto_backend" name="test_email_signature_source_contains_patrice_and_no_marie" time="0.001" /><testcase classname="backend.tests.test_keto_backend.TestNotifyAuth" name="test_notify_no_token_returns_401" time="0.116" /><testcase classname="backend.tests.test_keto_backend.TestNotifyAuth" name="test_notify_invalid_bearer_returns_401" time="0.180" /><testcase classname="backend.tests.test_keto_backend.TestRecipeDetailedSteps" name="test_detailed_steps_returns_steps" time="0.906" /><testcase classname="backend.tests.test_keto_backend.TestRecipeDetailedSteps" name="test_detailed_steps_second_call_is_cached" time="0.240" /><testcase classname="backend.tests.test_keto_backend.TestRecipeDetailedSteps" name="test_detailed_steps_missing_name" time="0.136" /></testsuite></testsuites>